<?xml version="1.0" encoding="UTF-8"?>
<!-- Generated by org.testng.reporters.JUnitReportReporter -->
<testsuite skipped="0" hostname="NK" name="com.sheath.tests.TestSample" tests="1" failures="0" timestamp="09 Nov 2019 23:48:30 GMT" time="0.015" errors="0">
  <testcase name="test" time="0.015" classname="com.sheath.tests.TestSample"/>
</testsuite> <!-- com.sheath.tests.TestSample -->
